<?xml version="1.0" encoding="UTF-8"?>
<!-- Generated by org.testng.reporters.JUnitXMLReporter -->
<testsuite hostname="DESKTOP-EGEH07G" failures="0" tests="1" name="Navigate to Left navigation menu. Click on &#039;DAT&#039; and click &#039;Mes DATs and create a new DAT" time="182.727" errors="0" timestamp="6 Feb 2023 14:28:37 GMT">
  <testcase classname="com.simplicia.web.dat.CreateDATUIValidationTest" name="dat_Test_06_Submit_To_Health_Insurance" time="165.601"/>
</testsuite> <!-- Navigate to Left navigation menu. Click on 'DAT' and click 'Mes DATs and create a new DAT -->
