<?xml version="1.0" encoding="UTF-8"?>
<testng-results total="1" passed="1" failed="0" skipped="0">
  <reporter-output>
  </reporter-output>
  <suite started-at="2023-02-26T07:09:32Z" name="CreateDATUIValidationTest" finished-at="2023-02-26T07:11:04Z" duration-ms="92157">
    <groups>
    </groups>
    <test started-at="2023-02-26T07:09:32Z" name="4" finished-at="2023-02-26T07:11:04Z" duration-ms="92157">
      <class name="com.simplicia.web.dat.CreateDATUIValidationTest">
        <test-method is-config="true" signature="startSeleniumClient()[pri:0, instance:com.simplicia.web.dat.CreateDATUIValidationTest@42530531]" started-at="2023-02-26T14:09:32Z" name="startSeleniumClient" finished-at="2023-02-26T14:09:32Z" duration-ms="25" status="PASS">
          <reporter-output>
          </reporter-output>
        </test-method> <!-- startSeleniumClient -->
        <test-method is-config="true" signature="captureExecution(java.lang.String)[pri:0, instance:com.simplicia.web.dat.CreateDATUIValidationTest@42530531]" started-at="2023-02-26T14:09:32Z" name="captureExecution" finished-at="2023-02-26T14:09:34Z" duration-ms="2312" status="PASS">
          <params>
            <param index="0">
              <value>
                <![CDATA[]]>
              </value>
            </param>
          </params>
          <reporter-output>
          </reporter-output>
        </test-method> <!-- captureExecution -->
        <test-method is-config="true" signature="launchBrowserAndOpenSimpliciaUrl()[pri:0, instance:com.simplicia.web.dat.CreateDATUIValidationTest@42530531]" started-at="2023-02-26T14:09:34Z" name="launchBrowserAndOpenSimpliciaUrl" finished-at="2023-02-26T14:09:52Z" duration-ms="17906" status="PASS">
          <reporter-output>
          </reporter-output>
        </test-method> <!-- launchBrowserAndOpenSimpliciaUrl -->
        <test-method is-config="true" signature="pageSetUp(java.lang.reflect.Method)[pri:0, instance:com.simplicia.web.dat.CreateDATUIValidationTest@42530531]" started-at="2023-02-26T14:09:52Z" name="pageSetUp" finished-at="2023-02-26T14:09:52Z" duration-ms="341" status="PASS">
          <params>
            <param index="0">
              <value>
                <![CDATA[public void com.simplicia.web.dat.CreateDATUIValidationTest.dat_Test_03_Export() throws java.lang.Exception]]>
              </value>
            </param>
          </params>
          <reporter-output>
          </reporter-output>
        </test-method> <!-- pageSetUp -->
        <test-method signature="dat_Test_03_Export()[pri:0, instance:com.simplicia.web.dat.CreateDATUIValidationTest@42530531]" started-at="2023-02-26T14:09:52Z" name="dat_Test_03_Export" finished-at="2023-02-26T14:11:04Z" duration-ms="71481" status="PASS">
          <reporter-output>
          </reporter-output>
        </test-method> <!-- dat_Test_03_Export -->
        <test-method is-config="true" signature="pageTearDown(java.lang.reflect.Method)[pri:0, instance:com.simplicia.web.dat.CreateDATUIValidationTest@42530531]" started-at="2023-02-26T14:11:04Z" name="pageTearDown" finished-at="2023-02-26T14:11:04Z" duration-ms="4" status="PASS">
          <params>
            <param index="0">
              <value>
                <![CDATA[public void com.simplicia.web.dat.CreateDATUIValidationTest.dat_Test_03_Export() throws java.lang.Exception]]>
              </value>
            </param>
          </params>
          <reporter-output>
          </reporter-output>
        </test-method> <!-- pageTearDown -->
        <test-method is-config="true" signature="finishExecution()[pri:0, instance:com.simplicia.web.dat.CreateDATUIValidationTest@42530531]" started-at="2023-02-26T14:11:04Z" name="finishExecution" finished-at="2023-02-26T14:11:04Z" duration-ms="48" status="PASS">
          <reporter-output>
          </reporter-output>
        </test-method> <!-- finishExecution -->
        <test-method is-config="true" signature="logOutFromSimplicia()[pri:0, instance:com.simplicia.web.dat.CreateDATUIValidationTest@42530531]" started-at="2023-02-26T14:11:04Z" name="logOutFromSimplicia" finished-at="2023-02-26T14:11:04Z" duration-ms="3" status="PASS">
          <reporter-output>
          </reporter-output>
        </test-method> <!-- logOutFromSimplicia -->
        <test-method is-config="true" signature="computeRemainingTime()[pri:0, instance:com.simplicia.web.dat.CreateDATUIValidationTest@42530531]" started-at="2023-02-26T14:11:04Z" name="computeRemainingTime" finished-at="2023-02-26T14:11:04Z" duration-ms="0" status="PASS">
          <reporter-output>
          </reporter-output>
        </test-method> <!-- computeRemainingTime -->
        <test-method is-config="true" signature="stopSeleniumClient()[pri:0, instance:com.simplicia.web.dat.CreateDATUIValidationTest@42530531]" started-at="2023-02-26T14:11:04Z" name="stopSeleniumClient" finished-at="2023-02-26T14:11:05Z" duration-ms="824" status="PASS">
          <reporter-output>
          </reporter-output>
        </test-method> <!-- stopSeleniumClient -->
      </class> <!-- com.simplicia.web.dat.CreateDATUIValidationTest -->
    </test> <!-- 4 -->
  </suite> <!-- CreateDATUIValidationTest -->
</testng-results>
